▲ Next.js 16.1.0 (Turbopack)
- Local:         http://localhost:8002
- Network:       http://192.168.1.90:8002
- Environments: .env
- Experiments (use with caution):
  · serverActions

✓ Starting...
⚠ Turbopack's filesystem cache has been deleted because we previously detected an internal error in Turbopack. Builds or page loads may be slower as a result.
✓ Ready in 888ms
○ Compiling / ...
 GET / 200 in 5.0s (compile: 4.8s, render: 230ms)
 GET / 200 in 62ms (compile: 13ms, render: 49ms)
 GET /lanes?new=true 200 in 2.6s (compile: 2.4s, render: 173ms)
 GET /lanes 200 in 28ms (compile: 6ms, render: 22ms)
[MockAIService] generateText received prompt: 
You are an expert recipe parser. Your goal is to convert the following cooking instructions into a structured "Swimlane Graph" JSON.

### Core Philosophy: The State-Flow Pattern
1. **Ingredient Nodes (Input):** Represent *new* items being added. Visuals show the ingredient in its *prepared* state (e.g. "Chopped Onion").
2. **Action Nodes (State):** Represent the *result* state of the vessel. Visuals show the *combined state* (e.g. "Onions frying in pan").
3. **Lanes (Containers):** Represents physical locations (Bowl, Pan, Pot).

### Critical Rules
1. **QUANTITY:** The 
text
 field for Ingredient Nodes MUST include the specific quantity used in that step (e.g. "3 Eggs", "200g Flour", "Pinch of Salt"). Never just "Eggs".
2. **SPLIT INGREDIENTS:** If an ingredient is divided and used in different steps (e.g. "Add half sugar now, half later"), create **TWO separate Ingredient Nodes** with the partial quantities (e.g. "100g Sugar" and "100g Sugar").
3. **SPLIT OUTPUTS:** If a mixture is divided (e.g. "Pour batter into two pans"), the single Action Node producing the mixture should be listed as an input for **BOTH** destination nodes.
4. **TITLE:** Extract or generate a concise, descriptive 
_title_
 for the recipe.

### Schema
Return ONLY raw JSON complying with this TypeScript interface:

```typescript

interface RecipeGraph {
  title: string; // A concise title for the recipe (e.g. "Spicy Ramen")
  lanes: {
    id: string;
    label: string; // e.g. "Skillet"
    type: 'prep' | 'cook' | 'serve';
  }[];
  nodes: {
    id: string;
    laneId: string; // Must match a lane.id
    text: string; // Concise instruction e.g. "Add onions" or "2 Onions"
    visualDescription: string; // Detailed prompt for pixel-art icon
    type: 'ingredient' | 'action';
    inputs?: string[]; // IDs of previous nodes flowing into this one
    temperature?: string; // e.g. "Medium Heat" (for actions)
    duration?: string; // e.g. "5 min" (for actions)
  }[];
}

```

### Visual Description Guidelines (CRITICAL)
These are cached, so simplicity and consistency is key.

1. **INGREDIENT Nodes (The "Item"):**
   - **Atomic & Generic:** Visuals must be simple, singular, and reusable inventory items.
   - **NO Quantities:** Never show specific numbers (e.g. "3 eggs"). Visual should be "egg".
   - **NO Action Context:** Do not show pouring/falling/mixing. Just the item.
   - **Examples:**
     - "3 Eggs" -> "egg"
     - "A pinch of Salt" -> "Salt"
     - "Bottle of Olive Oil" -> "Olive Oil"
     - "A pat of butter melting in a non stick frying pan" -> "butter in pan"

2. **ACTION Nodes (The "State"):

### Input Recipe
"Alice Recipe"

 POST /lanes 200 in 1153ms (compile: 6ms, render: 1148ms)
Forcing MemoryDataService
 POST /lanes 200 in 54ms (compile: 39ms, render: 15ms)
 GET /lanes?id=37e55503-8032-4a63-ab7e-181db358982c 200 in 55ms (compile: 9ms, render: 46ms)
 POST /lanes?id=37e55503-8032-4a63-ab7e-181db358982c 200 in 18ms (compile: 6ms, render: 12ms)
 POST /lanes?id=37e55503-8032-4a63-ab7e-181db358982c 200 in 18ms (compile: 6ms, render: 12ms)
[MockAIService] generateText received prompt: 
You are an expert recipe parser. Your goal is to convert the following cooking instructions into a structured "Swimlane Graph" JSON.

### Core Philosophy: The State-Flow Pattern
1. **Ingredient Nodes (Input):** Represent *new* items being added. Visuals show the ingredient in its *prepared* state (e.g. "Chopped Onion").
2. **Action Nodes (State):** Represent the *result* state of the vessel. Visuals show the *combined state* (e.g. "Onions frying in pan").
3. **Lanes (Containers):** Represents physical locations (Bowl, Pan, Pot).

### Critical Rules
1. **QUANTITY:** The 
text
 field for Ingredient Nodes MUST include the specific quantity used in that step (e.g. "3 Eggs", "200g Flour", "Pinch of Salt"). Never just "Eggs".
2. **SPLIT INGREDIENTS:** If an ingredient is divided and used in different steps (e.g. "Add half sugar now, half later"), create **TWO separate Ingredient Nodes** with the partial quantities (e.g. "100g Sugar" and "100g Sugar").
3. **SPLIT OUTPUTS:** If a mixture is divided (e.g. "Pour batter into two pans"), the single Action Node producing the mixture should be listed as an input for **BOTH** destination nodes.
4. **TITLE:** Extract or generate a concise, descriptive 
_title_
 for the recipe.

### Schema
Return ONLY raw JSON complying with this TypeScript interface:

```typescript

interface RecipeGraph {
  title: string; // A concise title for the recipe (e.g. "Spicy Ramen")
  lanes: {
    id: string;
    label: string; // e.g. "Skillet"
    type: 'prep' | 'cook' | 'serve';
  }[];
  nodes: {
    id: string;
    laneId: string; // Must match a lane.id
    text: string; // Concise instruction e.g. "Add onions" or "2 Onions"
    visualDescription: string; // Detailed prompt for pixel-art icon
    type: 'ingredient' | 'action';
    inputs?: string[]; // IDs of previous nodes flowing into this one
    temperature?: string; // e.g. "Medium Heat" (for actions)
    duration?: string; // e.g. "5 min" (for actions)
  }[];
}

```

### Visual Description Guidelines (CRITICAL)
These are cached, so simplicity and consistency is key.

1. **INGREDIENT Nodes (The "Item"):**
   - **Atomic & Generic:** Visuals must be simple, singular, and reusable inventory items.
   - **NO Quantities:** Never show specific numbers (e.g. "3 eggs"). Visual should be "egg".
   - **NO Action Context:** Do not show pouring/falling/mixing. Just the item.
   - **Examples:**
     - "3 Eggs" -> "egg"
     - "A pinch of Salt" -> "Salt"
     - "Bottle of Olive Oil" -> "Olive Oil"
     - "A pat of butter melting in a non stick frying pan" -> "butter in pan"

2. **ACTION Nodes (The "State"):

### Input Recipe
"Alice Recipe Modified"

 POST /lanes?id=37e55503-8032-4a63-ab7e-181db358982c 200 in 16ms (compile: 7ms, render: 8ms)
 POST /lanes?id=37e55503-8032-4a63-ab7e-181db358982c 200 in 14ms (compile: 5ms, render: 9ms)
